Temp/gradleOut/launcher/build/outputs/logs/manifest-merger-release-report.txt
-- Merging decision tree log ---
manifest
ADDED from src\main\AndroidManifest.xml:3:1-6:12
INJECTED from src\main\AndroidManifest.xml:3:1-6:12
INJECTED from src\main\AndroidManifest.xml:3:1-6:12
INJECTED from src\main\AndroidManifest.xml:3:1-6:12
MERGED from [:unityLibrary] AndroidManifest.xml:2:1-105:12
INJECTED from src\main\AndroidManifest.xml:3:1-6:12
INJECTED from src\main\AndroidManifest.xml:3:1-6:12
INJECTED from src\main\AndroidManifest.xml:3:1-6:12
	package
		ADDED from src\main\AndroidManifest.xml:3:70-119
		INJECTED from src\main\AndroidManifest.xml
		INJECTED from src\main\AndroidManifest.xml
	android:versionName
		INJECTED from src\main\AndroidManifest.xml
		ADDED from src\main\AndroidManifest.xml:3:1-6:12
		INJECTED from src\main\AndroidManifest.xml
	xmlns:tools
		ADDED from src\main\AndroidManifest.xml:3:120-166
	android:versionCode
		INJECTED from src\main\AndroidManifest.xml
		ADDED from src\main\AndroidManifest.xml:3:1-6:12
		INJECTED from src\main\AndroidManifest.xml
	xmlns:android
		ADDED from src\main\AndroidManifest.xml:3:11-69
	android:installLocation
		ADDED from src\main\AndroidManifest.xml:3:167-207
supports-screens
ADDED from src\main\AndroidManifest.xml:4:3-163
MERGED from [:unityLibrary] AndroidManifest.xml:12:5-17:40
MERGED from [:unityLibrary] AndroidManifest.xml:12:5-17:40
	android:largeScreens
		ADDED from src\main\AndroidManifest.xml:4:78-105
	android:smallScreens
		ADDED from src\main\AndroidManifest.xml:4:21-48
	android:normalScreens
		ADDED from src\main\AndroidManifest.xml:4:49-77
	android:xlargeScreens
		ADDED from src\main\AndroidManifest.xml:4:106-134
	android:anyDensity
		ADDED from src\main\AndroidManifest.xml:4:135-160
application
ADDED from src\main\AndroidManifest.xml:5:3-116
MERGED from [:unityLibrary] AndroidManifest.xml:47:5-103:19
MERGED from [:unityLibrary] AndroidManifest.xml:47:5-103:19
	android:extractNativeLibs
		ADDED from src\main\AndroidManifest.xml:5:16-48
	android:label
		ADDED from src\main\AndroidManifest.xml:5:49-81
	android:debuggable
		ADDED from [:unityLibrary] AndroidManifest.xml:48:9-34
	android:icon
		ADDED from src\main\AndroidManifest.xml:5:82-113
	android:theme
		ADDED from [:unityLibrary] AndroidManifest.xml:51:9-50
uses-sdk
INJECTED from src\main\AndroidManifest.xml reason: use-sdk injection requested
INJECTED from src\main\AndroidManifest.xml
INJECTED from src\main\AndroidManifest.xml
MERGED from [:unityLibrary] AndroidManifest.xml:8:5-10:41
MERGED from [:unityLibrary] AndroidManifest.xml:8:5-10:41
INJECTED from src\main\AndroidManifest.xml
INJECTED from src\main\AndroidManifest.xml
	android:targetSdkVersion
		INJECTED from src\main\AndroidManifest.xml
		ADDED from src\main\AndroidManifest.xml
		INJECTED from src\main\AndroidManifest.xml
	android:minSdkVersion
		INJECTED from src\main\AndroidManifest.xml
		ADDED from src\main\AndroidManifest.xml
		INJECTED from src\main\AndroidManifest.xml
uses-permission#android.permission.CAMERA
ADDED from [:unityLibrary] AndroidManifest.xml:19:5-65
	android:name
		ADDED from [:unityLibrary] AndroidManifest.xml:19:22-62
uses-feature#android.hardware.camera.autofocus
ADDED from [:unityLibrary] AndroidManifest.xml:21:5-23:35
	android:required
		ADDED from [:unityLibrary] AndroidManifest.xml:23:9-32
	android:name
		ADDED from [:unityLibrary] AndroidManifest.xml:22:9-57
uses-feature#0x00030000
ADDED from [:unityLibrary] AndroidManifest.xml:24:5-54
	android:glEsVersion
		ADDED from [:unityLibrary] AndroidManifest.xml:24:19-51
uses-feature#android.hardware.vulkan.version
ADDED from [:unityLibrary] AndroidManifest.xml:25:5-27:36
	android:required
		ADDED from [:unityLibrary] AndroidManifest.xml:27:9-33
	android:name
		ADDED from [:unityLibrary] AndroidManifest.xml:26:9-55
uses-permission#android.permission.INTERNET
ADDED from [:unityLibrary] AndroidManifest.xml:29:5-67
	android:name
		ADDED from [:unityLibrary] AndroidManifest.xml:29:22-64
uses-feature#android.hardware.camera
ADDED from [:unityLibrary] AndroidManifest.xml:31:5-33:36
	android:required
		ADDED from [:unityLibrary] AndroidManifest.xml:33:9-33
	android:name
		ADDED from [:unityLibrary] AndroidManifest.xml:32:9-47
uses-feature#android.hardware.camera.front
ADDED from [:unityLibrary] AndroidManifest.xml:34:5-36:36
	android:required
		ADDED from [:unityLibrary] AndroidManifest.xml:36:9-33
	android:name
		ADDED from [:unityLibrary] AndroidManifest.xml:35:9-53
uses-feature#android.hardware.touchscreen
ADDED from [:unityLibrary] AndroidManifest.xml:37:5-39:36
	android:required
		ADDED from [:unityLibrary] AndroidManifest.xml:39:9-33
	android:name
		ADDED from [:unityLibrary] AndroidManifest.xml:38:9-52
uses-feature#android.hardware.touchscreen.multitouch
ADDED from [:unityLibrary] AndroidManifest.xml:40:5-42:36
	android:required
		ADDED from [:unityLibrary] AndroidManifest.xml:42:9-33
	android:name
		ADDED from [:unityLibrary] AndroidManifest.xml:41:9-63
uses-feature#android.hardware.touchscreen.multitouch.distinct
ADDED from [:unityLibrary] AndroidManifest.xml:43:5-45:36
	android:required
		ADDED from [:unityLibrary] AndroidManifest.xml:45:9-33
	android:name
		ADDED from [:unityLibrary] AndroidManifest.xml:44:9-72
activity#com.unity3d.player.UnityPlayerActivity
ADDED from [:unityLibrary] AndroidManifest.xml:52:9-78:20
	android:screenOrientation
		ADDED from [:unityLibrary] AndroidManifest.xml:58:13-51
	android:label
		ADDED from [:unityLibrary] AndroidManifest.xml:56:13-45
	android:launchMode
		ADDED from [:unityLibrary] AndroidManifest.xml:57:13-44
	android:hardwareAccelerated
		ADDED from [:unityLibrary] AndroidManifest.xml:55:13-48
	android:configChanges
		ADDED from [:unityLibrary] AndroidManifest.xml:54:13-194
	android:name
		ADDED from [:unityLibrary] AndroidManifest.xml:53:13-66
meta-data#unityplayer.SkipPermissionsDialog
ADDED from [:unityLibrary] AndroidManifest.xml:59:13-61:40
	android:value
		ADDED from [:unityLibrary] AndroidManifest.xml:61:17-37
	android:name
		ADDED from [:unityLibrary] AndroidManifest.xml:60:17-65
intent-filter#action:name:android.intent.action.MAIN+category:name:android.intent.category.LAUNCHER
ADDED from [:unityLibrary] AndroidManifest.xml:63:13-67:29
action#android.intent.action.MAIN
ADDED from [:unityLibrary] AndroidManifest.xml:64:17-69
	android:name
		ADDED from [:unityLibrary] AndroidManifest.xml:64:25-66
category#android.intent.category.LAUNCHER
ADDED from [:unityLibrary] AndroidManifest.xml:66:17-77
	android:name
		ADDED from [:unityLibrary] AndroidManifest.xml:66:27-74
meta-data#unityplayer.UnityActivity
ADDED from [:unityLibrary] AndroidManifest.xml:69:13-71:40
	android:value
		ADDED from [:unityLibrary] AndroidManifest.xml:71:17-37
	android:name
		ADDED from [:unityLibrary] AndroidManifest.xml:70:17-57
meta-data#android.notch_support
ADDED from [:unityLibrary] AndroidManifest.xml:75:13-77:40
	android:value
		ADDED from [:unityLibrary] AndroidManifest.xml:77:17-37
	android:name
		ADDED from [:unityLibrary] AndroidManifest.xml:76:17-53
meta-data#unity.splash-mode
ADDED from [:unityLibrary] AndroidManifest.xml:80:9-82:33
	android:value
		ADDED from [:unityLibrary] AndroidManifest.xml:82:13-30
	android:name
		ADDED from [:unityLibrary] AndroidManifest.xml:81:13-45
meta-data#unity.splash-enable
ADDED from [:unityLibrary] AndroidManifest.xml:83:9-85:36
	android:value
		ADDED from [:unityLibrary] AndroidManifest.xml:85:13-33
	android:name
		ADDED from [:unityLibrary] AndroidManifest.xml:84:13-47
meta-data#notch.config
ADDED from [:unityLibrary] AndroidManifest.xml:86:9-88:50
	android:value
		ADDED from [:unityLibrary] AndroidManifest.xml:88:13-47
	android:name
		ADDED from [:unityLibrary] AndroidManifest.xml:87:13-40
meta-data#unity.build-id
ADDED from [:unityLibrary] AndroidManifest.xml:89:9-91:68
	android:value
		ADDED from [:unityLibrary] AndroidManifest.xml:91:13-65
	android:name
		ADDED from [:unityLibrary] AndroidManifest.xml:90:13-42
receiver#com.unity.androidnotifications.UnityNotificationManager
ADDED from [:unityLibrary] AndroidManifest.xml:93:9-95:39
	android:exported
		ADDED from [:unityLibrary] AndroidManifest.xml:95:13-36
	android:name
		ADDED from [:unityLibrary] AndroidManifest.xml:94:13-83
receiver#com.unity.androidnotifications.UnityNotificationRestartOnBootReceiver
ADDED from [:unityLibrary] AndroidManifest.xml:96:9-102:20
	android:enabled
		ADDED from [:unityLibrary] AndroidManifest.xml:98:13-36
	android:name
		ADDED from [:unityLibrary] AndroidManifest.xml:97:13-97
intent-filter#action:name:android.intent.action.BOOT_COMPLETED
ADDED from [:unityLibrary] AndroidManifest.xml:99:13-101:29
action#android.intent.action.BOOT_COMPLETED
ADDED from [:unityLibrary] AndroidManifest.xml:100:17-79
	android:name
		ADDED from [:unityLibrary] AndroidManifest.xml:100:25-76